mode: set
github.com/alexkreidler/dagexec/lib/node.go:19.28,20.28 1 1
github.com/alexkreidler/dagexec/lib/node.go:20.28,22.3 1 0
github.com/alexkreidler/dagexec/lib/node.go:22.8,25.3 2 1
github.com/alexkreidler/dagexec/lib/node.go:28.54,30.14 2 1
github.com/alexkreidler/dagexec/lib/node.go:35.2,36.15 2 1
github.com/alexkreidler/dagexec/lib/node.go:30.14,32.3 1 0
github.com/alexkreidler/dagexec/lib/node.go:39.65,40.23 1 0
github.com/alexkreidler/dagexec/lib/node.go:43.56,44.23 1 0
github.com/alexkreidler/dagexec/lib/node.go:47.28,48.32 1 1
github.com/alexkreidler/dagexec/lib/node.go:51.2,51.16 1 1
github.com/alexkreidler/dagexec/lib/node.go:55.2,55.20 1 1
github.com/alexkreidler/dagexec/lib/node.go:59.2,59.20 1 1
github.com/alexkreidler/dagexec/lib/node.go:63.2,64.16 2 1
github.com/alexkreidler/dagexec/lib/node.go:68.2,68.12 1 1
github.com/alexkreidler/dagexec/lib/node.go:48.32,50.3 1 0
github.com/alexkreidler/dagexec/lib/node.go:51.16,53.3 1 0
github.com/alexkreidler/dagexec/lib/node.go:55.20,57.3 1 0
github.com/alexkreidler/dagexec/lib/node.go:59.20,61.3 1 0
github.com/alexkreidler/dagexec/lib/node.go:64.16,66.3 1 0
github.com/alexkreidler/dagexec/lib/node.go:90.52,100.2 4 1
github.com/alexkreidler/dagexec/lib/executor_enum.go:34.32,35.33 1 0
github.com/alexkreidler/dagexec/lib/executor_enum.go:38.2,38.36 1 0
github.com/alexkreidler/dagexec/lib/executor_enum.go:35.33,37.3 1 0
github.com/alexkreidler/dagexec/lib/executor_enum.go:50.45,51.36 1 0
github.com/alexkreidler/dagexec/lib/executor_enum.go:54.2,54.62 1 0
github.com/alexkreidler/dagexec/lib/executor_enum.go:51.36,53.3 1 0
github.com/alexkreidler/dagexec/lib/goexecutor.go:14.33,15.23 1 0
github.com/alexkreidler/dagexec/lib/goexecutor.go:18.35,19.23 1 0
github.com/alexkreidler/dagexec/lib/goexecutor.go:22.34,23.23 1 0
github.com/alexkreidler/dagexec/lib/graph.go:17.72,20.16 3 1
github.com/alexkreidler/dagexec/lib/graph.go:23.2,24.15 2 1
github.com/alexkreidler/dagexec/lib/graph.go:20.16,22.3 1 0
github.com/alexkreidler/dagexec/lib/graph.go:27.32,28.22 1 1
github.com/alexkreidler/dagexec/lib/graph.go:33.2,33.12 1 1
github.com/alexkreidler/dagexec/lib/graph.go:28.22,30.3 1 0
github.com/alexkreidler/dagexec/lib/graph.go:42.34,50.16 3 1
github.com/alexkreidler/dagexec/lib/graph.go:53.2,54.10 2 1
github.com/alexkreidler/dagexec/lib/graph.go:50.16,52.3 1 0
